<?xml version="1.0" encoding="UTF-8"?>
<!-- Generated by org.testng.reporters.JUnitXMLReporter -->
<testsuite hostname="Pawel-laptop" ignored="0" name="ChromeTest" tests="2" failures="1" timestamp="03 Apr 2017 10:25:42 GMT" time="28.735" errors="0">
  <testcase name="ShouldTestOnDesktop" time="18.687" classname="Selenium.Course.Lesson6.Workshop06Test"/>
  <testcase name="ShouldTestOnMobile" time="9.943" classname="Selenium.Course.Lesson6.Workshop06Test">
    <failure type="java.lang.AssertionError" message="expected [true] but found [false]">
      <![CDATA[java.lang.AssertionError: expected [true] but found [false]
	at Selenium.Course.Lesson6.Workshop06Test.ShouldTestOnMobile(Workshop06Test.java:51)
	at java.util.concurrent.FutureTask.run(FutureTask.java:266)
	at java.util.concurrent.ThreadPoolExecutor.runWorker(ThreadPoolExecutor.java:1142)
	at java.util.concurrent.ThreadPoolExecutor$Worker.run(ThreadPoolExecutor.java:617)
	at java.lang.Thread.run(Thread.java:745)
... Removed 20 stack frames]]>
    </failure>
  </testcase> <!-- ShouldTestOnMobile -->
</testsuite> <!-- ChromeTest -->
